/*C1*/SET SCHEMA SYSTEM_LOBS
INSERT INTO BLOCKS VALUES(0,2147483647,0)
COMMIT
/*C2*/SET SCHEMA PUBLIC
CREATE TABLE IF NOT EXISTS groups\u000d\u000a(id bigint identity NOT NULL, number_of_group varchar(25) NOT NULL UNIQUE,\u000d\u000aname_of_faculty varchar(50) NOT NULL,\u000d\u000aCONSTRAINT groups_pk PRIMARY KEY(ID))\u000d\u000a
CREATE TABLE IF NOT EXISTS students\u000d\u000a(id bigint identity NOT NULL, name varchar(25) NOT NULL, surname varchar(25) NOT NULL,\u000d\u000apatronymic varchar(25), birthdate date NOT NULL, number_of_group varchar(25) NOT NULL,\u000d\u000aCONSTRAINT students_pk PRIMARY KEY (ID),\u000d\u000aCONSTRAINT students_fk FOREIGN KEY (number_of_group) REFERENCES groups(number_of_group)\u000d\u000a                    ON DELETE NO ACTION\u000d\u000a                    ON UPDATE CASCADE)\u000d\u000a
INSERT INTO GROUPS VALUES(0,'2215-\u0411251','\u0424\u0430\u043a\u0443\u043b\u044c\u0442\u0435\u0442 \u0438\u043d\u0444\u043e\u0440\u043c\u0430\u0446\u0438\u043e\u043d\u043d\u044b\u0445 \u0442\u0435\u0445\u043d\u043e\u043b\u043e\u0433\u0438\u0439')
COMMIT
INSERT INTO GROUPS VALUES(1,'1301-\u0411250','\u0418\u043d\u0441\u0442\u0438\u0442\u0443\u0442 \u043f\u0435\u0447\u0430\u0442\u0438')
COMMIT
INSERT INTO GROUPS VALUES(2,'3302-\u0421144','\u0424\u0430\u043a\u0443\u043b\u044c\u0442\u0435\u0442 \u044d\u043a\u043e\u043d\u043e\u043c\u0438\u043a\u0438 \u0438 \u0443\u043f\u0440\u0430\u0432\u043b\u0435\u043d\u0438\u044f')
COMMIT
INSERT INTO STUDENTS VALUES(0,'\u0410\u0440\u043a\u0430\u0434\u0438\u0439','\u0418\u0432\u0430\u043d\u043e\u0432','\u0414\u043c\u0438\u0442\u0440\u0438\u0435\u0432\u0438\u0447','1998-09-06','1301-\u0411250')
COMMIT
INSERT INTO STUDENTS VALUES(1,'\u041f\u0435\u0442\u0440','\u041a\u0440\u0438\u043a\u0443\u043d\u043e\u0432','\u041f\u0430\u0432\u043b\u043e\u0432\u0438\u0447','1998-02-28','1301-\u0411250')
COMMIT
INSERT INTO STUDENTS VALUES(2,'\u0412\u0438\u043a\u0442\u043e\u0440','\u041f\u0430\u0432\u043b\u043e\u0432','\u0422\u0438\u043c\u043e\u0444\u0435\u0435\u0432\u0438\u0447','1998-04-25','1301-\u0411250')
COMMIT
INSERT INTO STUDENTS VALUES(3,'\u0412\u0430\u043b\u0435\u0440\u0438\u0439','\u0412\u0430\u0441\u0438\u043b\u044c\u0435\u0432','\u0413\u0435\u043d\u043d\u0430\u0434\u044c\u0435\u0432\u0438\u0447','1998-01-01','1301-\u0411250')
COMMIT
INSERT INTO STUDENTS VALUES(4,'\u0410\u043d\u0434\u0440\u0435\u0439','\u0413\u0440\u0438\u0448\u0438\u043d','\u0410\u043b\u0435\u043a\u0441\u0435\u0435\u0432\u0438\u0447','1998-02-08','1301-\u0411250')
COMMIT
INSERT INTO STUDENTS VALUES(5,'\u041d\u0438\u043a\u0438\u0442\u0430','\u042f\u043a\u043e\u0432\u043b\u0435\u0432','\u0421\u0435\u0440\u0433\u0435\u0435\u0432\u0438\u0447','1998-03-18','1301-\u0411250')
COMMIT
INSERT INTO STUDENTS VALUES(6,'\u0410\u0440\u0441\u0435\u043d\u0438\u0439','\u0413\u043e\u0440\u0448\u0435\u043d\u0435\u0432','\u0414\u043c\u0438\u0442\u0440\u0438\u0435\u0432\u0438\u0447','1998-02-23','1301-\u0411250')
COMMIT
INSERT INTO STUDENTS VALUES(7,'\u0410\u043b\u0435\u043a\u0441\u0430\u043d\u0434\u0440','\u041a\u043e\u043d\u0447\u0435\u0432','\u041f\u0430\u0432\u043b\u043e\u0432\u0438\u0447','1997-09-09','1301-\u0411250')
COMMIT
INSERT INTO STUDENTS VALUES(8,'\u0412\u0430\u043b\u0435\u0440\u0438\u044f','\u041a\u0440\u0430\u0441\u043d\u043e\u0432\u0430','\u041f\u0435\u0442\u0440\u043e\u0432\u043d\u0430','1998-01-24','1301-\u0411250')
COMMIT
INSERT INTO STUDENTS VALUES(9,'\u0418\u043d\u043d\u0430','\u0413\u0435\u0440\u0430\u0441\u0438\u043c\u043e\u0432\u0430','\u041d\u0438\u043a\u043e\u043b\u0430\u0435\u0432\u043d\u0430','1998-06-26','1301-\u0411250')
COMMIT
INSERT INTO STUDENTS VALUES(10,'\u0414\u043c\u0438\u0442\u0440\u0438\u0439','\u041a\u0443\u0440\u0430\u0433\u043e\u0437\u0438\u043d','\u0412\u0438\u043a\u0442\u043e\u0440\u043e\u0432\u0438\u0447','1997-05-05','2215-\u0411251')
COMMIT
INSERT INTO STUDENTS VALUES(11,'\u0414\u043c\u0438\u0442\u0440\u0438\u0439','\u0420\u043e\u0433\u043e\u0437\u0438\u043d','\u0413\u0435\u043e\u0440\u0433\u0438\u0435\u0432\u0438\u0447','1997-12-22','2215-\u0411251')
COMMIT
INSERT INTO STUDENTS VALUES(12,'\u0413\u0440\u0438\u0433\u043e\u0440\u0438\u0438\u0439','\u041c\u0438\u043b\u043b\u0435\u0440','\u0412\u0430\u0441\u0438\u043b\u044c\u0435\u0432\u0438\u0447','1997-01-31','2215-\u0411251')
COMMIT
INSERT INTO STUDENTS VALUES(13,'\u041f\u0430\u0432\u0435\u043b','\u041a\u0430\u0441\u044c\u044f\u043d\u043e\u0432','\u042f\u043a\u043e\u0432\u043b\u0435\u0432\u0438\u0447','1997-03-08','2215-\u0411251')
COMMIT
INSERT INTO STUDENTS VALUES(14,'\u0410\u043b\u0435\u043a\u0441\u0430\u043d\u0434\u0440','\u0418\u0441\u0430\u043a\u043e\u0432','\u0410\u043b\u0435\u043a\u0441\u0430\u043d\u0434\u0440\u043e\u0432\u0438\u0447','1997-08-19','2215-\u0411251')
COMMIT
INSERT INTO STUDENTS VALUES(15,'\u0421\u0435\u0440\u0433\u0435\u0439','\u0421\u0435\u043d\u0438\u043d','\u0412\u0438\u0442\u0430\u043b\u044c\u0435\u0432\u0438\u0447','1997-09-22','2215-\u0411251')
COMMIT
INSERT INTO STUDENTS VALUES(16,'\u0411\u043e\u0440\u0438\u0441','\u0421\u0435\u0440\u0433\u0435\u0435\u0432','\u0411\u043e\u0440\u0438\u0441\u043e\u0432\u0438\u0447','1997-11-17','2215-\u0411251')
COMMIT
INSERT INTO STUDENTS VALUES(17,'\u041c\u0430\u0440\u0438\u044f','\u0418\u0432\u0430\u043d\u043e\u0432\u0430','\u041c\u0430\u043a\u0441\u0438\u043c\u043e\u0432\u043d\u0430','1997-03-03','2215-\u0411251')
COMMIT
INSERT INTO STUDENTS VALUES(18,'\u0422\u0430\u0442\u044c\u044f\u043d\u0430','\u041d\u0435\u043f\u0430\u0442\u043e\u0432\u0430','\u0414\u043c\u0438\u0442\u0440\u0438\u0435\u0432\u043d\u0430','1997-08-03','2215-\u0411251')
COMMIT
INSERT INTO STUDENTS VALUES(19,'\u0412\u0438\u043a\u0442\u043e\u0440\u0438\u044f','\u0411\u043e\u0433\u0434\u0430\u043d\u043e\u0432\u0430','\u0412\u0438\u043a\u0442\u043e\u0440\u043e\u0432\u043d\u0430','1998-09-23','2215-\u0411251')
COMMIT
INSERT INTO STUDENTS VALUES(20,'\u0412\u043b\u0430\u0434\u0438\u043c\u0438\u0440','\u0411\u043e\u0433\u0434\u0430\u043d\u043e\u0432','\u0412\u043b\u0430\u0434\u0438\u043c\u0438\u0440\u043e\u0432\u0438\u0447','1998-02-03','3302-\u0421144')
COMMIT
INSERT INTO STUDENTS VALUES(21,'\u0410\u043d\u0442\u043e\u043d\u0438\u043d\u0430','\u0411\u0438\u0440\u044e\u043a\u043e\u0432\u0430','\u041f\u0435\u0442\u0440\u043e\u0432\u043d\u0430','1996-03-08','3302-\u0421144')
COMMIT
DELETE FROM STUDENTS WHERE ID=20
INSERT INTO STUDENTS VALUES(20,'\u0412\u043b\u0430\u0434\u0438\u043c\u0438\u0440','\u0411\u043e\u0433\u0434\u0430\u043d\u043e\u0432','\u0412\u043b\u0430\u0434\u0438\u043c\u0438\u0440\u043e\u0432\u0438\u0447','1996-02-03','3302-\u0421144')
COMMIT
INSERT INTO STUDENTS VALUES(22,'\u0422\u0430\u0442\u044c\u044f\u043d\u0430','\u0411\u043e\u0440\u0438\u0441\u043e\u0432\u0430','\u0410\u043d\u0430\u0442\u043e\u043b\u044c\u0435\u0432\u043d\u0430','1996-03-14','3302-\u0421144')
COMMIT
INSERT INTO STUDENTS VALUES(23,'\u042e\u043b\u0438\u044f','\u041a\u0435\u0440\u043e\u0432\u0430','\u0410\u043b\u0435\u043a\u0441\u0435\u0435\u0432\u043d\u0430','1996-01-01','3302-\u0421144')
COMMIT
INSERT INTO STUDENTS VALUES(24,'\u041c\u0430\u0440\u0438\u043d\u0430','\u041a\u0443\u043b\u0430\u0433\u0438\u043d\u0430','\u0412\u043b\u0430\u0434\u0438\u043c\u0438\u0440\u043e\u0432\u043d\u0430','1997-09-09','3302-\u0421144')
COMMIT
INSERT INTO STUDENTS VALUES(25,'\u041c\u0430\u043a\u0441\u0438\u043c','\u041a\u0440\u0430\u0441\u043d\u043e\u0432','\u0414\u043c\u0438\u0442\u0440\u0438\u0435\u0432\u0438\u0447','1996-11-02','3302-\u0421144')
COMMIT
INSERT INTO STUDENTS VALUES(26,'\u0410\u0440\u0442\u0435\u043c','\u0424\u0438\u043b\u0438\u043f\u043f\u043e\u0432','\u0413\u0435\u043d\u043d\u0430\u0434\u044c\u0435\u0432\u0438\u0447','1997-09-07','3302-\u0421144')
COMMIT
INSERT INTO STUDENTS VALUES(27,'\u0412\u0438\u0442\u0430\u043b\u0438\u0439','\u041c\u043e\u0440\u043e\u0437\u043e\u0432','\u0410\u043b\u0435\u043a\u0441\u0435\u0435\u0432\u0438\u0447','1996-12-16','3302-\u0421144')
COMMIT
INSERT INTO STUDENTS VALUES(28,'\u041d\u0430\u0442\u0430\u043b\u044c\u044f','\u0413\u043e\u043b\u043e\u0432\u0438\u043d\u0430','\u0410\u043d\u0434\u0440\u0435\u0435\u0432\u043d\u0430','1996-03-19','3302-\u0421144')
COMMIT
INSERT INTO STUDENTS VALUES(29,'\u0414\u0430\u0440\u044c\u044f','\u0422\u043e\u043b\u0441\u0442\u043e\u0432\u0430','\u0421\u0435\u043c\u0435\u043d\u043e\u0432\u043d\u0430','1996-05-20','3302-\u0421144')
COMMIT
